<?xml version="1.0" encoding="UTF-8"?>
<Site BuildName="(empty)"
	BuildStamp="20260803-0248-Experimental"
	Name="(empty)"
	Generator="ctest-4.3.0"
	CompilerName=""
	CompilerVersion=""
	OSName="Linux"
	Hostname="fedora"
	OSRelease="7.1.5-201.fc44.x86_64"
	OSVersion="#1 SMP PREEMPT_DYNAMIC Tue Jul 28 14:16:30 UTC 2026"
	OSPlatform="x86_64"
	Is64Bits="1"
	VendorString="AuthenticAMD"
	VendorID="Advanced Micro Devices"
	FamilyID="25"
	ModelID="124"
	ModelName="AMD Ryzen 5 8540U w/ Radeon 740M Graphics"
	ProcessorCacheSize="1024"
	NumberOfLogicalCPU="12"
	NumberOfPhysicalCPU="6"
	TotalVirtualMemory="8191"
	TotalPhysicalMemory="15274"
	LogicalProcessorsPerPhysical="2"
	ProcessorClockFrequency="4654.441895"
	>
	<Testing>
		<StartDateTime>Aug 03 18:15 +08</StartDateTime>
		<StartTestTime>1785752147</StartTestTime>
		<TestList/>
		<EndDateTime>Aug 03 18:15 +08</EndDateTime>
		<EndTestTime>1785752147</EndTestTime>
		<ElapsedMinutes>0</ElapsedMinutes>
	</Testing>
</Site>
